<?xml version="1.0" encoding="UTF-8"?>
<!-- Generated by org.testng.reporters.JUnitReportReporter -->
<testsuite skipped="0" hostname="DESKTOP-78P0D72" name="com.CentrumFinvisage.utilities.XLUtils" tests="1" failures="0" timestamp="16 Sep 2019 07:02:55 GMT" time="0.713" errors="0">
  <testcase name="getRowCount" time="0.713" classname="com.CentrumFinvisage.utilities.XLUtils"/>
</testsuite> <!-- com.CentrumFinvisage.utilities.XLUtils -->
