<?xml version="1.0" encoding="UTF-8"?>
<!-- Generated by org.testng.reporters.JUnitReportReporter -->
<testsuite skipped="0" hostname="DESKTOP-78P0D72" name="com.CentrumFinvisage.testCases.CreateProgram" tests="1" failures="0" timestamp="17 Sep 2019 05:47:21 GMT" time="7.975" errors="0">
  <testcase name="createProgram" time="7.975" classname="com.CentrumFinvisage.testCases.CreateProgram"/>
</testsuite> <!-- com.CentrumFinvisage.testCases.CreateProgram -->
