<?xml version="1.0" encoding="UTF-8"?>
<!-- Generated by org.testng.reporters.JUnitReportReporter -->
<testsuite skipped="0" hostname="DESKTOP-78P0D72" name="com.CentrumFinvisage.testCases.CreateNewInvoice" tests="1" failures="0" timestamp="17 Sep 2019 05:47:21 GMT" time="22.952" errors="0">
  <testcase name="createNewInvoice" time="22.952" classname="com.CentrumFinvisage.testCases.CreateNewInvoice"/>
</testsuite> <!-- com.CentrumFinvisage.testCases.CreateNewInvoice -->
