<?xml version="1.0" encoding="UTF-8"?>
<!-- Generated by org.testng.reporters.JUnitReportReporter -->
<testsuite skipped="0" hostname="DESKTOP-78P0D72" name="com.CentrumFinvisage.testCases.CheckMultiLogins" tests="3" failures="0" timestamp="06 Sep 2019 05:50:28 GMT" time="3.083" errors="0">
  <testcase name="checkLogins" time="0.680" classname="com.CentrumFinvisage.testCases.CheckMultiLogins"/>
  <testcase name="checkLogins" time="0.704" classname="com.CentrumFinvisage.testCases.CheckMultiLogins"/>
  <testcase name="checkLogins" time="1.699" classname="com.CentrumFinvisage.testCases.CheckMultiLogins"/>
</testsuite> <!-- com.CentrumFinvisage.testCases.CheckMultiLogins -->
