<?xml version="1.0" encoding="UTF-8"?>
<!-- Generated by org.testng.reporters.JUnitReportReporter -->
<testsuite skipped="0" hostname="DESKTOP-78P0D72" name="com.CentrumFinvisage.testCases.CreateFacility" tests="1" failures="0" timestamp="17 Sep 2019 05:47:21 GMT" time="6.394" errors="0">
  <testcase name="createFacility" time="6.394" classname="com.CentrumFinvisage.testCases.CreateFacility"/>
</testsuite> <!-- com.CentrumFinvisage.testCases.CreateFacility -->
