<?xml version="1.0" encoding="UTF-8"?>
<!-- Generated by org.testng.reporters.JUnitReportReporter -->
<testsuite skipped="0" hostname="DESKTOP-78P0D72" name="com.CentrumFinvisage.testCases.DeleteAnchor" tests="1" failures="0" timestamp="16 Sep 2019 07:34:04 GMT" time="5.528" errors="0">
  <testcase name="deleteAnchor" time="5.528" classname="com.CentrumFinvisage.testCases.DeleteAnchor"/>
</testsuite> <!-- com.CentrumFinvisage.testCases.DeleteAnchor -->
