<?xml version="1.0" encoding="UTF-8"?>
<!-- Generated by org.testng.reporters.JUnitReportReporter -->
<testsuite skipped="0" hostname="DESKTOP-78P0D72" name="com.CentrumFinvisage.testCases.AssignLenderToUser" tests="1" failures="0" timestamp="17 Sep 2019 05:47:21 GMT" time="9.269" errors="0">
  <testcase name="assignLenderUser" time="9.269" classname="com.CentrumFinvisage.testCases.AssignLenderToUser"/>
</testsuite> <!-- com.CentrumFinvisage.testCases.AssignLenderToUser -->
