<?xml version="1.0" encoding="UTF-8"?>
<!-- Generated by org.testng.reporters.JUnitReportReporter -->
<testsuite skipped="1" hostname="DESKTOP-78P0D72" name="com.CentrumFinvisage.testCases.CheckLogins" tests="1" failures="0" timestamp="27 May 2019 12:07:30 GMT" time="0.000" errors="0">
  <testcase name="checkLogins" time="0.000" classname="com.CentrumFinvisage.testCases.CheckLogins">
    <skipped/>
  </testcase> <!-- checkLogins -->
</testsuite> <!-- com.CentrumFinvisage.testCases.CheckLogins -->
