<?xml version="1.0" encoding="UTF-8"?>
<!-- Generated by org.testng.reporters.JUnitReportReporter -->
<testsuite skipped="0" hostname="DESKTOP-78P0D72" name="com.CentrumFinvisage.testCases.EditAnchor" tests="1" failures="0" timestamp="16 Sep 2019 07:33:42 GMT" time="9.822" errors="0">
  <testcase name="editAnchor" time="9.822" classname="com.CentrumFinvisage.testCases.EditAnchor"/>
</testsuite> <!-- com.CentrumFinvisage.testCases.EditAnchor -->
