<?xml version="1.0" encoding="UTF-8"?>
<!-- Generated by org.testng.reporters.JUnitReportReporter -->
<testsuite skipped="0" hostname="DESKTOP-78P0D72" name="com.CentrumFinvisage.testCases.CreateExternalParty" tests="1" failures="0" timestamp="17 Sep 2019 05:47:22 GMT" time="10.283" errors="0">
  <testcase name="createExternalParty" time="10.283" classname="com.CentrumFinvisage.testCases.CreateExternalParty"/>
</testsuite> <!-- com.CentrumFinvisage.testCases.CreateExternalParty -->
