<?xml version="1.0" encoding="UTF-8"?>
<!-- Generated by org.testng.reporters.JUnitReportReporter -->
<testsuite skipped="0" hostname="DESKTOP-78P0D72" name="com.CentrumFinvisage.testCases.CreateAnchor" tests="1" failures="0" timestamp="17 Sep 2019 05:47:22 GMT" time="6.339" errors="0">
  <testcase name="createAnchor" time="6.339" classname="com.CentrumFinvisage.testCases.CreateAnchor"/>
</testsuite> <!-- com.CentrumFinvisage.testCases.CreateAnchor -->
